<?xml version="1.0" encoding="UTF-8"?>
<testng-results ignored="0" total="1" passed="1" failed="0" skipped="0">
  <reporter-output>
  </reporter-output>
  <suite started-at="2025-08-11T23:00:13 BST" name="Default suite" finished-at="2025-08-11T23:00:26 BST" duration-ms="12659">
    <groups>
    </groups>
    <test started-at="2025-08-11T23:00:13 BST" name="Default test" finished-at="2025-08-11T23:00:26 BST" duration-ms="12659">
      <class name="ecommerceSeleniumProject.HomePageTest">
        <test-method is-config="true" signature="openBrowser()[pri:0, instance:ecommerceSeleniumProject.HomePageTest@6c64cb25]" started-at="2025-08-11T23:00:13 BST" name="openBrowser" finished-at="2025-08-11T23:00:15 BST" duration-ms="1480" status="PASS">
          <reporter-output>
          </reporter-output>
        </test-method> <!-- openBrowser -->
        <test-method signature="homePageTest()[pri:0, instance:ecommerceSeleniumProject.HomePageTest@6c64cb25]" started-at="2025-08-11T23:00:15 BST" name="homePageTest" finished-at="2025-08-11T23:00:26 BST" duration-ms="11053" status="PASS">
          <reporter-output>
          </reporter-output>
        </test-method> <!-- homePageTest -->
        <test-method is-config="true" signature="closeBrowser()[pri:0, instance:ecommerceSeleniumProject.HomePageTest@6c64cb25]" started-at="2025-08-11T23:00:26 BST" name="closeBrowser" finished-at="2025-08-11T23:00:26 BST" duration-ms="103" status="PASS">
          <reporter-output>
          </reporter-output>
        </test-method> <!-- closeBrowser -->
      </class> <!-- ecommerceSeleniumProject.HomePageTest -->
    </test> <!-- Default test -->
  </suite> <!-- Default suite -->
</testng-results>
